#
# A fatal error has been detected by the Java Runtime Environment:
#
#  SIGSEGV (0xb) at pc=0x000000010a563a3e, pid=77024, tid=1811
#
# JRE version: Java(TM) SE Runtime Environment (8.0_25-b17) (build 1.8.0_25-b17)
# Java VM: Java HotSpot(TM) 64-Bit Server VM (25.25-b02 mixed mode bsd-amd64 compressed oops)
# Problematic frame:
# V  [libjvm.dylib+0x163a3e]
#
# Failed to write core dump. Core dumps have been disabled. To enable core dumping, try "ulimit -c unlimited" before starting Java again
#
# If you would like to submit a bug report, please visit:
#   http://bugreport.sun.com/bugreport/crash.jsp
#

---------------  T H R E A D  ---------------

Current thread is native thread

siginfo: si_signo: 11 (SIGSEGV), si_code: 1 (SEGV_MAPERR), si_addr: 0x0000000000000260

Registers:
RAX=0x0000000000000000, RBX=0x0000000000000000, RCX=0x000000010abe39b0, RDX=0x0000000000000000
RSP=0x00007fff5619ac20, RBP=0x00007fff5619ac30, RSI=0x0000000000000006, RDI=0x00007fff5619ac40
R8 =0x00007fff5619ad20, R9 =0x000000000000006f, R10=0x0000000000000007, R11=0x000000011ef1cc0a
R12=0x00007fb761c1fff0, R13=0x00000000000f432e, R14=0x00007fb761f73158, R15=0x00007fb7621029e8
RIP=0x000000010a563a3e, EFLAGS=0x0000000000010246, ERR=0x0000000000000006
  TRAPNO=0x000000000000000e

Top of Stack: (sp=0x00007fff5619ac20)
0x00007fff5619ac20:   0000000000000000 00007fb761f73158
0x00007fff5619ac30:   00007fff5619ac60 000000010a6f93c1
0x00007fff5619ac40:   0000000000000000 00007fb7645e21f0
0x00007fff5619ac50:   0000000000000008 00007fff5619ae70
0x00007fff5619ac60:   00007fff5619ac80 000000011ef1cc30
0x00007fff5619ac70:   00007fb7621029e8 00007fb7621029e8
0x00007fff5619ac80:   00007fff5619aca0 000000011ef1ca3a
0x00007fff5619ac90:   00007fb7645e2100 00007fb76455ad70
0x00007fff5619aca0:   00007fff5619ad30 00000001261be7d4
0x00007fff5619acb0:   0000000000000000 0000000000000000
0x00007fff5619acc0:   0000000000000000 0000000000000000
0x00007fff5619acd0:   4054000000000000 0000000000000000
0x00007fff5619ace0:   4036000000000000 0000000000000000
0x00007fff5619acf0:   0000000000000000 0000000000000000
0x00007fff5619ad00:   0000000000000000 0000000000000000
0x00007fff5619ad10:   403b000000000000 00007fff5619af00
0x00007fff5619ad20:   00007fb7643af670 00007fff5619ae70
0x00007fff5619ad30:   00007fff5619ad40 00007fff8b77bcbc
0x00007fff5619ad40:   00007fff5619b0a0 00007fff8b66d1b4
0x00007fff5619ad50:   0000000000000000 00007fff5619b2e0
0x00007fff5619ad60:   00007fff766c7830 00007fff758b8538
0x00007fff5619ad70:   00007fff5619ada0 0000000000000a68
0x00007fff5619ad80:   0000000000000000 00007fb7643af670
0x00007fff5619ad90:   0000000000000000 00007fff5619ae70
0x00007fff5619ada0:   0000000000000000 00007fb761f887c0
0x00007fff5619adb0:   00007fff5619aef0 000000000000006f
0x00007fff5619adc0:   00000000000f434d 00007fb761f8fc30
0x00007fff5619add0:   00007fb76459a010 00007fb761c1fff0
0x00007fff5619ade0:   0000000000000001 00000000000f432e
0x00007fff5619adf0:   00007fb761c1ffe0 00007fff91a5c648
0x00007fff5619ae00:   00007fff5619aea0 00007fff8a0385a7
0x00007fff5619ae10:   00007fff5619ae84 000000000055f001 

Instructions: (pc=0x000000010a563a3e)
0x000000010a563a1e:   0e 48 8b 0b 49 8b 56 18 48 63 c0 48 89 0c c2 5b
0x000000010a563a2e:   41 5e 5d c3 90 90 55 48 89 e5 41 56 53 48 8b 1f
0x000000010a563a3e:   c7 83 60 02 00 00 05 00 00 00 48 8d 05 e9 8e 73
0x000000010a563a4e:   00 8b 00 83 f8 01 41 89 f6 7f 0c 48 8d 0d 06 0b 

Register to memory mapping:

RAX=0x0000000000000000 is an unknown value
RBX=0x0000000000000000 is an unknown value
RCX=0x000000010abe39b0: jni_NativeInterface+0 in /Library/Java/JavaVirtualMachines/jdk1.8.0_25.jdk/Contents/Home/jre/lib/server/libjvm.dylib at 0x000000010a400000
RDX=0x0000000000000000 is an unknown value
RSP=0x00007fff5619ac20 is an unknown value
RBP=0x00007fff5619ac30 is an unknown value
RSI=0x0000000000000006 is an unknown value
RDI=0x00007fff5619ac40 is an unknown value
R8 =0x00007fff5619ad20 is an unknown value
R9 =0x000000000000006f is an unknown value
R10=0x0000000000000007 is an unknown value
R11=0x000000011ef1cc0a: -[JNFWeakJObjectWrapper _getWithEnv:]+0 in /System/Library/Frameworks/JavaVM.framework/Versions/A/Frameworks/JavaNativeFoundation.framework/Versions/A/JavaNativeFoundation at 0x000000011ef16000
R12=0x00007fb761c1fff0 is an unknown value
R13=0x00000000000f432e is an unknown value
R14=0x00007fb761f73158 is a weak global jni handle
R15=0x00007fb7621029e8 is an unknown value


Stack: [0x00007fff5599e000,0x00007fff5619e000],  sp=0x00007fff5619ac20,  free space=8179k
Native frames: (J=compiled Java code, j=interpreted, Vv=VM code, C=native code)
V  [libjvm.dylib+0x163a3e]
V  [libjvm.dylib+0x2f93c1]
C  [JavaNativeFoundation+0x6c30]  -[JNFWeakJObjectWrapper _getWithEnv:]+0x26
C  [JavaNativeFoundation+0x6a3a]  -[JNFJObjectWrapper jObjectWithEnv:]+0x16
C  [libawt_lwawt.dylib+0xa7d4]  -[AWTWindow _deliverMoveResizeEvent]+0xa4
C  [CoreFoundation+0x11ecbc]  __CFNOTIFICATIONCENTER_IS_CALLING_OUT_TO_AN_OBSERVER__+0xc
C  [CoreFoundation+0x101b4]  _CFXNotificationPost+0xc44
C  [Foundation+0x2ea1]  -[NSNotificationCenter postNotificationName:object:userInfo:]+0x42
C  [AppKit+0x1148fc]  -[NSWindow _setFrameCommon:display:stashSize:]+0xaf1
C  [libawt_lwawt.dylib+0xd043]  __Java_sun_lwawt_macosx_CPlatformWindow_nativeSetNSWindowBounds_block_invoke_1+0x11c
C  [JavaNativeFoundation+0x6d3a]  +[JNFRunLoop _performCopiedBlock:]+0x11
C  [Foundation+0x65f4c]  __NSThreadPerformPerform+0x125
C  [CoreFoundation+0x80661]  __CFRUNLOOP_IS_CALLING_OUT_TO_A_SOURCE0_PERFORM_FUNCTION__+0x11
C  [CoreFoundation+0x728bc]  __CFRunLoopDoSources0+0x1dc
C  [CoreFoundation+0x71e1f]  __CFRunLoopRun+0x39f
C  [CoreFoundation+0x71838]  CFRunLoopRunSpecific+0x128
C  [java+0x56cc]  CreateExecutionEnvironment+0x367
C  [java+0x165c]  JLI_Launch+0x7a0
C  [java+0x768a]  main+0x65
C  [java+0xeb4]  start+0x34


---------------  P R O C E S S  ---------------

VM state:not at safepoint (normal execution)

VM Mutex/Monitor currently owned by a thread: None

Heap:
 PSYoungGen      total 18944K, used 7309K [0x00000007aab00000, 0x00000007ac000000, 0x00000007c0000000)
  eden space 16384K, 29% used [0x00000007aab00000,0x00000007aafa6738,0x00000007abb00000)
  from space 2560K, 99% used [0x00000007abd80000,0x00000007abffd030,0x00000007ac000000)
  to   space 2560K, 0% used [0x00000007abb00000,0x00000007abb00000,0x00000007abd80000)
 ParOldGen       total 44032K, used 3044K [0x0000000780000000, 0x0000000782b00000, 0x00000007aab00000)
  object space 44032K, 6% used [0x0000000780000000,0x00000007802f9070,0x0000000782b00000)
 Metaspace       used 19824K, capacity 20534K, committed 20864K, reserved 1067008K
  class space    used 2710K, capacity 2856K, committed 2944K, reserved 1048576K

Card table byte_map: [0x000000011a7df000,0x000000011a9e0000] byte_map_base: 0x0000000116bdf000

Marking Bits: (ParMarkBitMap*) 0x000000010ac9d390
 Begin Bits: [0x000000011af42000, 0x000000011bf42000)
 End Bits:   [0x000000011bf42000, 0x000000011cf42000)

Polling page: 0x0000000109bb9000

CodeCache: size=245760Kb used=4704Kb max_used=4708Kb free=241055Kb
 bounds [0x000000010b41f000, 0x000000010b8bf000, 0x000000011a41f000]
 total_blobs=2127 nmethods=1354 adapters=687
 compilation: enabled

Compilation events (10 events):
Event: 3.943 Thread 0x00007fb76202f000 nmethod 1351 0x000000010b8b6a10 code [0x000000010b8b6b80, 0x000000010b8b6d08]
Event: 3.944 Thread 0x00007fb76202e000 nmethod 1348 0x000000010b8b9c10 code [0x000000010b8b9d80, 0x000000010b8b9fd8]
Event: 7.604 Thread 0x00007fb76202f000 1352       1       java.util.Formatter$Flags::valueOf (5 bytes)
Event: 7.605 Thread 0x00007fb76202f000 nmethod 1352 0x000000010b8b9950 code [0x000000010b8b9aa0, 0x000000010b8b9bb0]
Event: 7.606 Thread 0x00007fb76202f000 1353  s    3       java.awt.Toolkit::getDefaultToolkit (24 bytes)
Event: 7.606 Thread 0x00007fb76202f000 nmethod 1353 0x000000010b8b8d90 code [0x000000010b8b8f20, 0x000000010b8b9398]
Event: 7.631 Thread 0x00007fb76202f000 1354       1       sun.lwawt.LWComponentPeer::getStateLock (5 bytes)
Event: 7.631 Thread 0x00007fb76202f000 nmethod 1354 0x000000010b8b8ad0 code [0x000000010b8b8c20, 0x000000010b8b8d30]
Event: 7.631 Thread 0x00007fb76202f000 1355   !   3       java.lang.ClassLoader::findNative (86 bytes)
Event: 7.632 Thread 0x00007fb76202f000 nmethod 1355 0x000000010b8b7cd0 code [0x000000010b8b7e80, 0x000000010b8b8758]

GC Heap History (4 events):
Event: 1.137 GC heap before
{Heap before GC invocations=1 (full 0):
 PSYoungGen      total 18944K, used 16384K [0x00000007aab00000, 0x00000007ac000000, 0x00000007c0000000)
  eden space 16384K, 100% used [0x00000007aab00000,0x00000007abb00000,0x00000007abb00000)
  from space 2560K, 0% used [0x00000007abd80000,0x00000007abd80000,0x00000007ac000000)
  to   space 2560K, 0% used [0x00000007abb00000,0x00000007abb00000,0x00000007abd80000)
 ParOldGen       total 44032K, used 0K [0x0000000780000000, 0x0000000782b00000, 0x00000007aab00000)
  object space 44032K, 0% used [0x0000000780000000,0x0000000780000000,0x0000000782b00000)
 Metaspace       used 10140K, capacity 10502K, committed 10752K, reserved 1058816K
  class space    used 1311K, capacity 1415K, committed 1536K, reserved 1048576K
Event: 1.144 GC heap after
Heap after GC invocations=1 (full 0):
 PSYoungGen      total 18944K, used 2528K [0x00000007aab00000, 0x00000007ac000000, 0x00000007c0000000)
  eden space 16384K, 0% used [0x00000007aab00000,0x00000007aab00000,0x00000007abb00000)
  from space 2560K, 98% used [0x00000007abb00000,0x00000007abd78020,0x00000007abd80000)
  to   space 2560K, 0% used [0x00000007abd80000,0x00000007abd80000,0x00000007ac000000)
 ParOldGen       total 44032K, used 504K [0x0000000780000000, 0x0000000782b00000, 0x00000007aab00000)
  object space 44032K, 1% used [0x0000000780000000,0x000000078007e000,0x0000000782b00000)
 Metaspace       used 10140K, capacity 10502K, committed 10752K, reserved 1058816K
  class space    used 1311K, capacity 1415K, committed 1536K, reserved 1048576K
}
Event: 3.696 GC heap before
{Heap before GC invocations=2 (full 0):
 PSYoungGen      total 18944K, used 18912K [0x00000007aab00000, 0x00000007ac000000, 0x00000007c0000000)
  eden space 16384K, 100% used [0x00000007aab00000,0x00000007abb00000,0x00000007abb00000)
  from space 2560K, 98% used [0x00000007abb00000,0x00000007abd78020,0x00000007abd80000)
  to   space 2560K, 0% used [0x00000007abd80000,0x00000007abd80000,0x00000007ac000000)
 ParOldGen       total 44032K, used 504K [0x0000000780000000, 0x0000000782b00000, 0x00000007aab00000)
  object space 44032K, 1% used [0x0000000780000000,0x000000078007e000,0x0000000782b00000)
 Metaspace       used 18975K, capacity 19748K, committed 19968K, reserved 1067008K
  class space    used 2593K, capacity 2787K, committed 2816K, reserved 1048576K
Event: 3.707 GC heap after
Heap after GC invocations=2 (full 0):
 PSYoungGen      total 18944K, used 2548K [0x00000007aab00000, 0x00000007ac000000, 0x00000007c0000000)
  eden space 16384K, 0% used [0x00000007aab00000,0x00000007aab00000,0x00000007abb00000)
  from space 2560K, 99% used [0x00000007abd80000,0x00000007abffd030,0x00000007ac000000)
  to   space 2560K, 0% used [0x00000007abb00000,0x00000007abb00000,0x00000007abd80000)
 ParOldGen       total 44032K, used 3044K [0x0000000780000000, 0x0000000782b00000, 0x00000007aab00000)
  object space 44032K, 6% used [0x0000000780000000,0x00000007802f9070,0x0000000782b00000)
 Metaspace       used 18975K, capacity 19748K, committed 19968K, reserved 1067008K
  class space    used 2593K, capacity 2787K, committed 2816K, reserved 1048576K
}

Deoptimization events (10 events):
Event: 1.365 Thread 0x00007fb762102800 Uncommon trap: reason=class_check action=maybe_recompile pc=0x000000010b54281c method=java.lang.String.equals(Ljava/lang/Object;)Z @ 8
Event: 1.366 Thread 0x00007fb762102800 Uncommon trap: reason=class_check action=maybe_recompile pc=0x000000010b54281c method=java.lang.String.equals(Ljava/lang/Object;)Z @ 8
Event: 1.598 Thread 0x00007fb76301c800 Uncommon trap: reason=unreached action=reinterpret pc=0x000000010b63e21c method=java.lang.AbstractStringBuilder.append(Ljava/lang/String;)Ljava/lang/AbstractStringBuilder; @ 1
Event: 1.599 Thread 0x00007fb76301c800 Uncommon trap: reason=unreached action=reinterpret pc=0x000000010b7ac668 method=java.lang.AbstractStringBuilder.append(Ljava/lang/String;)Ljava/lang/AbstractStringBuilder; @ 1
Event: 1.712 Thread 0x00007fb76301c800 Uncommon trap: reason=bimorphic action=maybe_recompile pc=0x000000010b798c18 method=java.util.HashMap.putVal(ILjava/lang/Object;Ljava/lang/Object;ZZ)Ljava/lang/Object; @ 203
Event: 3.616 Thread 0x00007fb7620ee000 Uncommon trap: reason=class_check action=maybe_recompile pc=0x000000010b798b84 method=java.util.HashMap.putVal(ILjava/lang/Object;Ljava/lang/Object;ZZ)Ljava/lang/Object; @ 253
Event: 3.616 Thread 0x00007fb7620ee000 Uncommon trap: reason=class_check action=maybe_recompile pc=0x000000010b798b84 method=java.util.HashMap.putVal(ILjava/lang/Object;Ljava/lang/Object;ZZ)Ljava/lang/Object; @ 253
Event: 3.616 Thread 0x00007fb7620ee000 Uncommon trap: reason=class_check action=maybe_recompile pc=0x000000010b798b84 method=java.util.HashMap.putVal(ILjava/lang/Object;Ljava/lang/Object;ZZ)Ljava/lang/Object; @ 253
Event: 3.616 Thread 0x00007fb7620ee000 Uncommon trap: reason=class_check action=maybe_recompile pc=0x000000010b798b84 method=java.util.HashMap.putVal(ILjava/lang/Object;Ljava/lang/Object;ZZ)Ljava/lang/Object; @ 253
Event: 3.796 Thread 0x00007fb7620ee000 Uncommon trap: reason=range_check action=make_not_entrant pc=0x000000010b8aa6c8 method=sun.reflect.generics.parser.SignatureParser.current()C @ 34

Internal exceptions (10 events):
Event: 3.939 Thread 0x00007fb76301c800 Exception <a 'java/security/PrivilegedActionException'> (0x00000007aae71dc0) thrown at [/HUDSON3/workspace/8-2-build-macosx-x86_64/jdk8u25/1514/hotspot/src/share/vm/prims/jvm.cpp, line 1312]
Event: 3.939 Thread 0x00007fb76301c800 Exception <a 'java/security/PrivilegedActionException'> (0x00000007aae78be0) thrown at [/HUDSON3/workspace/8-2-build-macosx-x86_64/jdk8u25/1514/hotspot/src/share/vm/prims/jvm.cpp, line 1312]
Event: 3.939 Thread 0x00007fb76301c800 Exception <a 'java/security/PrivilegedActionException'> (0x00000007aae7a970) thrown at [/HUDSON3/workspace/8-2-build-macosx-x86_64/jdk8u25/1514/hotspot/src/share/vm/prims/jvm.cpp, line 1312]
Event: 3.940 Thread 0x00007fb76301c800 Exception <a 'java/security/PrivilegedActionException'> (0x00000007aae822f0) thrown at [/HUDSON3/workspace/8-2-build-macosx-x86_64/jdk8u25/1514/hotspot/src/share/vm/prims/jvm.cpp, line 1312]
Event: 3.940 Thread 0x00007fb76301c800 Exception <a 'java/security/PrivilegedActionException'> (0x00000007aae84160) thrown at [/HUDSON3/workspace/8-2-build-macosx-x86_64/jdk8u25/1514/hotspot/src/share/vm/prims/jvm.cpp, line 1312]
Event: 3.940 Thread 0x00007fb76301c800 Exception <a 'java/security/PrivilegedActionException'> (0x00000007aae86c08) thrown at [/HUDSON3/workspace/8-2-build-macosx-x86_64/jdk8u25/1514/hotspot/src/share/vm/prims/jvm.cpp, line 1312]
Event: 3.940 Thread 0x00007fb76301c800 Exception <a 'java/security/PrivilegedActionException'> (0x00000007aae88cf0) thrown at [/HUDSON3/workspace/8-2-build-macosx-x86_64/jdk8u25/1514/hotspot/src/share/vm/prims/jvm.cpp, line 1312]
Event: 3.940 Thread 0x00007fb76301c800 Exception <a 'java/security/PrivilegedActionException'> (0x00000007aae8bd30) thrown at [/HUDSON3/workspace/8-2-build-macosx-x86_64/jdk8u25/1514/hotspot/src/share/vm/prims/jvm.cpp, line 1312]
Event: 3.942 Thread 0x00007fb76301c800 Exception <a 'java/security/PrivilegedActionException'> (0x00000007aae930c8) thrown at [/HUDSON3/workspace/8-2-build-macosx-x86_64/jdk8u25/1514/hotspot/src/share/vm/prims/jvm.cpp, line 1312]
Event: 7.605 Thread 0x00007fb76301c800 Exception <a 'java/security/PrivilegedActionException'> (0x00000007aae98060) thrown at [/HUDSON3/workspace/8-2-build-macosx-x86_64/jdk8u25/1514/hotspot/src/share/vm/prims/jvm.cpp, line 1312]

Events (10 events):
Event: 7.604 loading class com/github/sarxos/webcam/WebcamEventType
Event: 7.604 loading class com/github/sarxos/webcam/WebcamEventType done
Event: 7.606 loading class sun/lwawt/macosx/CPlatformResponder
Event: 7.606 loading class sun/lwawt/macosx/CPlatformResponder done
Event: 7.606 loading class sun/java2d/opengl/CGLLayer
Event: 7.606 loading class sun/java2d/opengl/CGLLayer done
Event: 7.620 loading class sun/lwawt/macosx/CPlatformWindow$12
Event: 7.620 loading class sun/lwawt/macosx/CPlatformWindow$12 done
Event: 7.629 loading class sun/lwawt/macosx/CWrapper$NSWindow
Event: 7.629 loading class sun/lwawt/macosx/CWrapper$NSWindow done


Dynamic libraries:
0x0000000004777000 	/System/Library/Frameworks/Cocoa.framework/Versions/A/Cocoa
0x0000000004777000 	/System/Library/Frameworks/Security.framework/Versions/A/Security
0x0000000004777000 	/System/Library/Frameworks/ApplicationServices.framework/Versions/A/ApplicationServices
0x0000000004777000 	/usr/lib/libz.1.dylib
0x0000000004777000 	/usr/lib/libSystem.B.dylib
0x0000000004777000 	/usr/lib/libobjc.A.dylib
0x0000000004777000 	/System/Library/Frameworks/CoreFoundation.framework/Versions/A/CoreFoundation
0x0000000004777000 	/System/Library/Frameworks/Foundation.framework/Versions/C/Foundation
0x0000000004777000 	/System/Library/Frameworks/AppKit.framework/Versions/C/AppKit
0x0000000004777000 	/System/Library/Frameworks/CoreData.framework/Versions/A/CoreData
0x0000000004777000 	/System/Library/PrivateFrameworks/RemoteViewServices.framework/Versions/A/RemoteViewServices
0x0000000004777000 	/System/Library/PrivateFrameworks/UIFoundation.framework/Versions/A/UIFoundation
0x0000000004777000 	/System/Library/Frameworks/IOSurface.framework/Versions/A/IOSurface
0x0000000004777000 	/System/Library/Frameworks/AudioToolbox.framework/Versions/A/AudioToolbox
0x0000000004777000 	/System/Library/Frameworks/AudioUnit.framework/Versions/A/AudioUnit
0x0000000004777000 	/System/Library/PrivateFrameworks/DataDetectorsCore.framework/Versions/A/DataDetectorsCore
0x0000000004777000 	/System/Library/PrivateFrameworks/DesktopServicesPriv.framework/Versions/A/DesktopServicesPriv
0x0000000004777000 	/System/Library/Frameworks/Carbon.framework/Versions/A/Frameworks/HIToolbox.framework/Versions/A/HIToolbox
0x0000000004777000 	/System/Library/Frameworks/QuartzCore.framework/Versions/A/QuartzCore
0x0000000004777000 	/System/Library/Frameworks/Carbon.framework/Versions/A/Frameworks/SpeechRecognition.framework/Versions/A/SpeechRecognition
0x0000000004777000 	/usr/lib/libauto.dylib
0x0000000004777000 	/usr/lib/libicucore.A.dylib
0x0000000004777000 	/usr/lib/libxml2.2.dylib
0x0000000004777000 	/System/Library/PrivateFrameworks/CoreUI.framework/Versions/A/CoreUI
0x0000000004777000 	/System/Library/Frameworks/CoreAudio.framework/Versions/A/CoreAudio
0x0000000004777000 	/System/Library/Frameworks/DiskArbitration.framework/Versions/A/DiskArbitration
0x0000000004777000 	/usr/lib/liblangid.dylib
0x0000000004777000 	/System/Library/PrivateFrameworks/MultitouchSupport.framework/Versions/A/MultitouchSupport
0x0000000004777000 	/System/Library/Frameworks/IOKit.framework/Versions/A/IOKit
0x0000000004777000 	/usr/lib/libDiagnosticMessagesClient.dylib
0x0000000004777000 	/System/Library/Frameworks/CoreServices.framework/Versions/A/CoreServices
0x0000000004777000 	/System/Library/PrivateFrameworks/PerformanceAnalysis.framework/Versions/A/PerformanceAnalysis
0x0000000004777000 	/System/Library/PrivateFrameworks/GenerationalStorage.framework/Versions/A/GenerationalStorage
0x0000000004777000 	/System/Library/Frameworks/OpenGL.framework/Versions/A/OpenGL
0x0000000004777000 	/System/Library/PrivateFrameworks/Sharing.framework/Versions/A/Sharing
0x0000000004777000 	/System/Library/Frameworks/CoreGraphics.framework/Versions/A/CoreGraphics
0x0000000004777000 	/System/Library/Frameworks/CoreText.framework/Versions/A/CoreText
0x0000000004777000 	/System/Library/Frameworks/ImageIO.framework/Versions/A/ImageIO
0x0000000004777000 	/usr/lib/libextension.dylib
0x0000000004777000 	/System/Library/PrivateFrameworks/Backup.framework/Versions/A/Backup
0x0000000004777000 	/usr/lib/libarchive.2.dylib
0x0000000004777000 	/System/Library/Frameworks/CFNetwork.framework/Versions/A/CFNetwork
0x0000000004777000 	/System/Library/Frameworks/SystemConfiguration.framework/Versions/A/SystemConfiguration
0x0000000004777000 	/usr/lib/libCRFSuite.dylib
0x0000000004777000 	/usr/lib/libc++.1.dylib
0x0000000004777000 	/usr/lib/libc++abi.dylib
0x0000000004777000 	/usr/lib/system/libcache.dylib
0x0000000004777000 	/usr/lib/system/libcommonCrypto.dylib
0x0000000004777000 	/usr/lib/system/libcompiler_rt.dylib
0x0000000004777000 	/usr/lib/system/libcopyfile.dylib
0x0000000004777000 	/usr/lib/system/libcorecrypto.dylib
0x0000000004777000 	/usr/lib/system/libdispatch.dylib
0x0000000004777000 	/usr/lib/system/libdyld.dylib
0x0000000004777000 	/usr/lib/system/libkeymgr.dylib
0x0000000004777000 	/usr/lib/system/liblaunch.dylib
0x0000000004777000 	/usr/lib/system/libmacho.dylib
0x0000000004777000 	/usr/lib/system/libquarantine.dylib
0x0000000004777000 	/usr/lib/system/libremovefile.dylib
0x0000000004777000 	/usr/lib/system/libsystem_asl.dylib
0x0000000004777000 	/usr/lib/system/libsystem_blocks.dylib
0x0000000004777000 	/usr/lib/system/libsystem_c.dylib
0x0000000004777000 	/usr/lib/system/libsystem_configuration.dylib
0x0000000004777000 	/usr/lib/system/libsystem_coreservices.dylib
0x0000000004777000 	/usr/lib/system/libsystem_coretls.dylib
0x0000000004777000 	/usr/lib/system/libsystem_dnssd.dylib
0x0000000004777000 	/usr/lib/system/libsystem_info.dylib
0x0000000004777000 	/usr/lib/system/libsystem_kernel.dylib
0x0000000004777000 	/usr/lib/system/libsystem_m.dylib
0x0000000004777000 	/usr/lib/system/libsystem_malloc.dylib
0x0000000004777000 	/usr/lib/system/libsystem_network.dylib
0x0000000004777000 	/usr/lib/system/libsystem_networkextension.dylib
0x0000000004777000 	/usr/lib/system/libsystem_notify.dylib
0x0000000004777000 	/usr/lib/system/libsystem_platform.dylib
0x0000000004777000 	/usr/lib/system/libsystem_pthread.dylib
0x0000000004777000 	/usr/lib/system/libsystem_sandbox.dylib
0x0000000004777000 	/usr/lib/system/libsystem_secinit.dylib
0x0000000004777000 	/usr/lib/system/libsystem_stats.dylib
0x0000000004777000 	/usr/lib/system/libsystem_trace.dylib
0x0000000004777000 	/usr/lib/system/libunc.dylib
0x0000000004777000 	/usr/lib/system/libunwind.dylib
0x0000000004777000 	/usr/lib/system/libxpc.dylib
0x0000000004777000 	/usr/lib/libbz2.1.0.dylib
0x0000000004777000 	/usr/lib/liblzma.5.dylib
0x0000000004777000 	/usr/lib/libbsm.0.dylib
0x0000000004777000 	/usr/lib/libsqlite3.dylib
0x0000000004777000 	/usr/lib/system/libkxld.dylib
0x0000000004777000 	/usr/lib/libxar.1.dylib
0x0000000004777000 	/usr/lib/libpam.2.dylib
0x0000000004777000 	/usr/lib/libOpenScriptingUtil.dylib
0x0000000004777000 	/System/Library/Frameworks/CoreServices.framework/Versions/A/Frameworks/FSEvents.framework/Versions/A/FSEvents
0x0000000004777000 	/System/Library/Frameworks/CoreServices.framework/Versions/A/Frameworks/CarbonCore.framework/Versions/A/CarbonCore
0x0000000004777000 	/System/Library/Frameworks/CoreServices.framework/Versions/A/Frameworks/Metadata.framework/Versions/A/Metadata
0x0000000004777000 	/System/Library/Frameworks/CoreServices.framework/Versions/A/Frameworks/OSServices.framework/Versions/A/OSServices
0x0000000004777000 	/System/Library/Frameworks/CoreServices.framework/Versions/A/Frameworks/SearchKit.framework/Versions/A/SearchKit
0x0000000004777000 	/System/Library/Frameworks/CoreServices.framework/Versions/A/Frameworks/AE.framework/Versions/A/AE
0x0000000004777000 	/System/Library/Frameworks/CoreServices.framework/Versions/A/Frameworks/LaunchServices.framework/Versions/A/LaunchServices
0x0000000004777000 	/System/Library/Frameworks/CoreServices.framework/Versions/A/Frameworks/DictionaryServices.framework/Versions/A/DictionaryServices
0x0000000004777000 	/System/Library/Frameworks/NetFS.framework/Versions/A/NetFS
0x0000000004777000 	/System/Library/PrivateFrameworks/NetAuth.framework/Versions/A/NetAuth
0x0000000004777000 	/System/Library/PrivateFrameworks/login.framework/Versions/A/Frameworks/loginsupport.framework/Versions/A/loginsupport
0x0000000004777000 	/System/Library/PrivateFrameworks/TCC.framework/Versions/A/TCC
0x0000000004777000 	/usr/lib/libmecabra.dylib
0x0000000004777000 	/System/Library/PrivateFrameworks/LanguageModeling.framework/Versions/A/LanguageModeling
0x0000000004777000 	/usr/lib/libcmph.dylib
0x0000000004777000 	/usr/lib/libiconv.2.dylib
0x0000000004777000 	/System/Library/Frameworks/OpenDirectory.framework/Versions/A/Frameworks/CFOpenDirectory.framework/Versions/A/CFOpenDirectory
0x0000000004777000 	/System/Library/Frameworks/ServiceManagement.framework/Versions/A/ServiceManagement
0x0000000004777000 	/usr/lib/libxslt.1.dylib
0x0000000004777000 	/System/Library/Frameworks/Carbon.framework/Versions/A/Frameworks/Ink.framework/Versions/A/Ink
0x0000000004777000 	/System/Library/Frameworks/ApplicationServices.framework/Versions/A/Frameworks/ATS.framework/Versions/A/ATS
0x0000000004777000 	/System/Library/Frameworks/ApplicationServices.framework/Versions/A/Frameworks/ColorSync.framework/Versions/A/ColorSync
0x0000000004777000 	/System/Library/Frameworks/ApplicationServices.framework/Versions/A/Frameworks/HIServices.framework/Versions/A/HIServices
0x0000000004777000 	/System/Library/Frameworks/ApplicationServices.framework/Versions/A/Frameworks/LangAnalysis.framework/Versions/A/LangAnalysis
0x0000000004777000 	/System/Library/Frameworks/ApplicationServices.framework/Versions/A/Frameworks/PrintCore.framework/Versions/A/PrintCore
0x0000000004777000 	/System/Library/Frameworks/ApplicationServices.framework/Versions/A/Frameworks/QD.framework/Versions/A/QD
0x0000000004777000 	/System/Library/Frameworks/ApplicationServices.framework/Versions/A/Frameworks/SpeechSynthesis.framework/Versions/A/SpeechSynthesis
0x0000000004777000 	/System/Library/Frameworks/Accelerate.framework/Versions/A/Accelerate
0x0000000004777000 	/System/Library/Frameworks/Accelerate.framework/Versions/A/Frameworks/vImage.framework/Versions/A/vImage
0x0000000004777000 	/System/Library/Frameworks/Accelerate.framework/Versions/A/Frameworks/vecLib.framework/Versions/A/vecLib
0x0000000004777000 	/System/Library/Frameworks/Accelerate.framework/Versions/A/Frameworks/vecLib.framework/Versions/A/libvDSP.dylib
0x0000000004777000 	/System/Library/Frameworks/Accelerate.framework/Versions/A/Frameworks/vecLib.framework/Versions/A/libvMisc.dylib
0x0000000004777000 	/System/Library/Frameworks/Accelerate.framework/Versions/A/Frameworks/vecLib.framework/Versions/A/libLAPACK.dylib
0x0000000004777000 	/System/Library/Frameworks/Accelerate.framework/Versions/A/Frameworks/vecLib.framework/Versions/A/libBLAS.dylib
0x0000000004777000 	/System/Library/Frameworks/Accelerate.framework/Versions/A/Frameworks/vecLib.framework/Versions/A/libLinearAlgebra.dylib
0x0000000004777000 	/System/Library/Frameworks/ApplicationServices.framework/Versions/A/Frameworks/ATS.framework/Versions/A/Resources/libFontParser.dylib
0x0000000004777000 	/System/Library/Frameworks/ApplicationServices.framework/Versions/A/Frameworks/ATS.framework/Versions/A/Resources/libFontRegistry.dylib
0x0000000004777000 	/System/Library/PrivateFrameworks/AppleVPA.framework/Versions/A/AppleVPA
0x0000000004777000 	/System/Library/PrivateFrameworks/AppleJPEG.framework/Versions/A/AppleJPEG
0x0000000004777000 	/System/Library/Frameworks/ImageIO.framework/Versions/A/Resources/libJPEG.dylib
0x0000000004777000 	/System/Library/Frameworks/ImageIO.framework/Versions/A/Resources/libTIFF.dylib
0x0000000004777000 	/System/Library/Frameworks/ImageIO.framework/Versions/A/Resources/libPng.dylib
0x0000000004777000 	/System/Library/Frameworks/ImageIO.framework/Versions/A/Resources/libGIF.dylib
0x0000000004777000 	/System/Library/Frameworks/ImageIO.framework/Versions/A/Resources/libJP2.dylib
0x0000000004777000 	/System/Library/Frameworks/ImageIO.framework/Versions/A/Resources/libRadiance.dylib
0x0000000004777000 	/System/Library/Frameworks/CoreVideo.framework/Versions/A/CoreVideo
0x0000000004777000 	/System/Library/Frameworks/OpenGL.framework/Versions/A/Libraries/libGLU.dylib
0x0000000004777000 	/System/Library/Frameworks/OpenGL.framework/Versions/A/Libraries/libGFXShared.dylib
0x0000000004777000 	/System/Library/Frameworks/OpenGL.framework/Versions/A/Libraries/libGL.dylib
0x0000000004777000 	/System/Library/Frameworks/OpenGL.framework/Versions/A/Libraries/libGLImage.dylib
0x0000000004777000 	/System/Library/Frameworks/OpenGL.framework/Versions/A/Libraries/libCVMSPluginSupport.dylib
0x0000000004777000 	/System/Library/Frameworks/OpenGL.framework/Versions/A/Libraries/libCoreVMClient.dylib
0x0000000004777000 	/usr/lib/libcups.2.dylib
0x0000000004777000 	/System/Library/Frameworks/Kerberos.framework/Versions/A/Kerberos
0x0000000004777000 	/System/Library/Frameworks/GSS.framework/Versions/A/GSS
0x0000000004777000 	/usr/lib/libresolv.9.dylib
0x0000000004777000 	/System/Library/PrivateFrameworks/Heimdal.framework/Versions/A/Heimdal
0x0000000004777000 	/usr/lib/libheimdal-asn1.dylib
0x0000000004777000 	/System/Library/Frameworks/OpenDirectory.framework/Versions/A/OpenDirectory
0x0000000004777000 	/System/Library/PrivateFrameworks/CommonAuth.framework/Versions/A/CommonAuth
0x0000000004777000 	/System/Library/Frameworks/SecurityFoundation.framework/Versions/A/SecurityFoundation
0x0000000004777000 	/System/Library/Frameworks/QuartzCore.framework/Versions/A/Frameworks/CoreImage.framework/Versions/A/CoreImage
0x0000000004777000 	/System/Library/PrivateFrameworks/CrashReporterSupport.framework/Versions/A/CrashReporterSupport
0x0000000004777000 	/System/Library/Frameworks/OpenCL.framework/Versions/A/OpenCL
0x0000000004777000 	/System/Library/PrivateFrameworks/FaceCore.framework/Versions/A/FaceCore
0x0000000004777000 	/System/Library/PrivateFrameworks/Ubiquity.framework/Versions/A/Ubiquity
0x0000000004777000 	/System/Library/PrivateFrameworks/IconServices.framework/Versions/A/IconServices
0x0000000004777000 	/System/Library/PrivateFrameworks/ChunkingLibrary.framework/Versions/A/ChunkingLibrary
0x0000000004777000 	/System/Library/PrivateFrameworks/Apple80211.framework/Versions/A/Apple80211
0x0000000004777000 	/System/Library/Frameworks/CoreWLAN.framework/Versions/A/CoreWLAN
0x0000000004777000 	/System/Library/Frameworks/IOBluetooth.framework/Versions/A/IOBluetooth
0x0000000004777000 	/System/Library/PrivateFrameworks/CoreWiFi.framework/Versions/A/CoreWiFi
0x0000000004777000 	/System/Library/Frameworks/CoreBluetooth.framework/Versions/A/CoreBluetooth
0x0000000004777000 	/System/Library/PrivateFrameworks/DebugSymbols.framework/Versions/A/DebugSymbols
0x0000000004777000 	/System/Library/PrivateFrameworks/CoreSymbolication.framework/Versions/A/CoreSymbolication
0x0000000004777000 	/System/Library/PrivateFrameworks/Symbolication.framework/Versions/A/Symbolication
0x0000000004777000 	/System/Library/PrivateFrameworks/SpeechRecognitionCore.framework/Versions/A/SpeechRecognitionCore
0x000000010a400000 	/Library/Java/JavaVirtualMachines/jdk1.8.0_25.jdk/Contents/Home/jre/lib/server/libjvm.dylib
0x0000000004777000 	/usr/lib/libstdc++.6.dylib
0x0000000109b77000 	/Library/Java/JavaVirtualMachines/jdk1.8.0_25.jdk/Contents/Home/jre/lib/libverify.dylib
0x0000000109b85000 	/Library/Java/JavaVirtualMachines/jdk1.8.0_25.jdk/Contents/Home/jre/lib/libjava.dylib
0x0000000109bc3000 	/Library/Java/JavaVirtualMachines/jdk1.8.0_25.jdk/Contents/Home/jre/lib/libzip.dylib
0x0000000109be1000 	/System/Library/Frameworks/JavaVM.framework/Frameworks/JavaRuntimeSupport.framework/JavaRuntimeSupport
0x000000011ef16000 	/System/Library/Frameworks/JavaVM.framework/Versions/A/Frameworks/JavaNativeFoundation.framework/Versions/A/JavaNativeFoundation
0x000000011ef2a000 	/System/Library/Frameworks/JavaVM.framework/Versions/A/JavaVM
0x0000000004777000 	/System/Library/Frameworks/Carbon.framework/Versions/A/Carbon
0x000000011ef36000 	/System/Library/PrivateFrameworks/JavaLaunching.framework/Versions/A/JavaLaunching
0x0000000004777000 	/System/Library/Frameworks/Carbon.framework/Versions/A/Frameworks/CommonPanels.framework/Versions/A/CommonPanels
0x0000000004777000 	/System/Library/Frameworks/Carbon.framework/Versions/A/Frameworks/Help.framework/Versions/A/Help
0x0000000004777000 	/System/Library/Frameworks/Carbon.framework/Versions/A/Frameworks/ImageCapture.framework/Versions/A/ImageCapture
0x0000000004777000 	/System/Library/Frameworks/Carbon.framework/Versions/A/Frameworks/OpenScripting.framework/Versions/A/OpenScripting
0x0000000004777000 	/System/Library/Frameworks/Carbon.framework/Versions/A/Frameworks/Print.framework/Versions/A/Print
0x0000000004777000 	/System/Library/Frameworks/Carbon.framework/Versions/A/Frameworks/SecurityHI.framework/Versions/A/SecurityHI
0x0000000120edf000 	/Library/Java/JavaVirtualMachines/jdk1.8.0_25.jdk/Contents/Home/jre/lib/libprism_es2.dylib
0x0000000004777000 	/System/Library/Frameworks/OpenGL.framework/Versions/A/Resources/GLEngine.bundle/GLEngine
0x0000000004777000 	/System/Library/Frameworks/OpenGL.framework/Versions/A/Libraries/libGLProgrammability.dylib
0x0000000000000000 	/System/Library/Extensions/AppleIntelHD5000GraphicsGLDriver.bundle/Contents/MacOS/AppleIntelHD5000GraphicsGLDriver
0x0000000004777000 	/System/Library/PrivateFrameworks/IOAccelerator.framework/Versions/A/IOAccelerator
0x0000000004777000 	/System/Library/PrivateFrameworks/GPUSupport.framework/Versions/A/Libraries/libGPUSupportMercury.dylib
0x0000000004777000 	/System/Library/Frameworks/OpenGL.framework/Versions/A/Resources/GLRendererFloat.bundle/GLRendererFloat
0x0000000004777000 	/System/Library/Frameworks/OpenCL.framework/Versions/A/Libraries/libcldcpuengine.dylib
0x0000000004777000 	/System/Library/PrivateFrameworks/DiskImages.framework/Versions/A/DiskImages
0x0000000004777000 	/System/Library/Frameworks/DiscRecording.framework/Versions/A/DiscRecording
0x0000000004777000 	/usr/lib/libcsfde.dylib
0x0000000004777000 	/usr/lib/libcurl.4.dylib
0x0000000004777000 	/System/Library/PrivateFrameworks/MediaKit.framework/Versions/A/MediaKit
0x0000000004777000 	/System/Library/PrivateFrameworks/ProtectedCloudStorage.framework/Versions/A/ProtectedCloudStorage
0x0000000004777000 	/usr/lib/libCoreStorage.dylib
0x0000000004777000 	/System/Library/PrivateFrameworks/EFILogin.framework/Versions/A/EFILogin
0x0000000004777000 	/usr/lib/libutil.dylib
0x0000000004777000 	/System/Library/PrivateFrameworks/FindMyDevice.framework/Versions/A/FindMyDevice
0x0000000004777000 	/System/Library/Frameworks/LDAP.framework/Versions/A/LDAP
0x0000000004777000 	/usr/lib/libsasl2.2.dylib
0x0000000004777000 	/System/Library/PrivateFrameworks/CoreDaemon.framework/Versions/B/CoreDaemon
0x0000000004777000 	/usr/lib/libcrypto.0.9.8.dylib
0x0000000004777000 	/System/Library/PrivateFrameworks/AppleSRP.framework/Versions/A/AppleSRP
0x0000000004777000 	/System/Library/PrivateFrameworks/TrustEvaluationAgent.framework/Versions/A/TrustEvaluationAgent
0x0000000121389000 	/Library/Java/JavaVirtualMachines/jdk1.8.0_25.jdk/Contents/Home/jre/lib/libglass.dylib
0x0000000004777000 	/System/Library/PrivateFrameworks/CoreServicesInternal.framework/Versions/A/CoreServicesInternal
0x0000000004777000 	/System/Library/PrivateFrameworks/CloudDocs.framework/Versions/A/CloudDocs
0x0000000004777000 	/System/Library/PrivateFrameworks/CoreDuet.framework/Versions/A/CoreDuet
0x0000000004777000 	/System/Library/Frameworks/CloudKit.framework/Versions/A/CloudKit
0x0000000004777000 	/System/Library/PrivateFrameworks/ProtocolBuffer.framework/Versions/A/ProtocolBuffer
0x0000000004777000 	/System/Library/PrivateFrameworks/CoreDuetDaemonProtocol.framework/Versions/A/CoreDuetDaemonProtocol
0x0000000004777000 	/System/Library/PrivateFrameworks/CoreDuetDebugLogging.framework/Versions/A/CoreDuetDebugLogging
0x0000000004777000 	/System/Library/Frameworks/CoreLocation.framework/Versions/A/CoreLocation
0x0000000004777000 	/System/Library/Frameworks/Accounts.framework/Versions/A/Accounts
0x0000000004777000 	/System/Library/PrivateFrameworks/ApplePushService.framework/Versions/A/ApplePushService
0x0000000004777000 	/System/Library/PrivateFrameworks/GeoServices.framework/Versions/A/GeoServices
0x0000000004777000 	/System/Library/PrivateFrameworks/OAuth.framework/Versions/A/OAuth
0x0000000004777000 	/System/Library/Frameworks/CoreGraphics.framework/Versions/A/Resources/libCGCMS.A.dylib
0x0000000004777000 	/System/Library/CoreServices/RawCamera.bundle/Contents/MacOS/RawCamera
0x0000000004777000 	/System/Library/Frameworks/CoreGraphics.framework/Versions/A/Resources/libRIP.A.dylib
0x0000000004777000 	/System/Library/PrivateFrameworks/FamilyControls.framework/Versions/A/FamilyControls
0x0000000004777000 	/System/Library/PrivateFrameworks/CommerceKit.framework/Versions/A/Frameworks/CommerceCore.framework/Versions/A/CommerceCore
0x0000000004777000 	/System/Library/PrivateFrameworks/SystemAdministration.framework/Versions/A/SystemAdministration
0x0000000004777000 	/System/Library/PrivateFrameworks/AppContainer.framework/Versions/A/AppContainer
0x0000000004777000 	/System/Library/PrivateFrameworks/SecCodeWrapper.framework/Versions/A/SecCodeWrapper
0x0000000004777000 	/System/Library/Frameworks/DirectoryService.framework/Versions/A/DirectoryService
0x0000000004777000 	/System/Library/PrivateFrameworks/LoginUIKit.framework/Versions/A/Frameworks/LoginUICore.framework/Versions/A/LoginUICore
0x0000000004777000 	/usr/lib/libodfde.dylib
0x0000000124878000 	/Library/Java/JavaVirtualMachines/jdk1.8.0_25.jdk/Contents/Home/jre/lib/libjavafx_font.dylib
0x0000000004777000 	/System/Library/Frameworks/CoreGraphics.framework/Versions/A/Resources/libCGXType.A.dylib
0x0000000125ef0000 	cl_kernels
0x0000000125ef2000 	/System/Library/Frameworks/OpenCL.framework/Versions/A/Libraries/ImageFormats/unorm8_bgra.dylib
0x0000000125ee1000 	cl_kernels
0x0000000126039000 	/Library/Java/JavaVirtualMachines/jdk1.8.0_25.jdk/Contents/Home/jre/lib/libawt.dylib
0x00000001260e8000 	/Library/Java/JavaVirtualMachines/jdk1.8.0_25.jdk/Contents/Home/jre/lib/./libmlib_image.dylib
0x00000001261b4000 	/Library/Java/JavaVirtualMachines/jdk1.8.0_25.jdk/Contents/Home/jre/lib/libawt_lwawt.dylib
0x0000000126267000 	/Library/Java/JavaVirtualMachines/jdk1.8.0_25.jdk/Contents/Home/jre/lib/./libosxapp.dylib
0x0000000004777000 	/System/Library/Frameworks/ExceptionHandling.framework/Versions/A/ExceptionHandling
0x0000000126283000 	/Library/Java/JavaVirtualMachines/jdk1.8.0_25.jdk/Contents/Home/jre/lib/libfontmanager.dylib
0x00000001266f0000 	/Library/Java/JavaVirtualMachines/jdk1.8.0_25.jdk/Contents/Home/jre/lib/libosxui.dylib
0x0000000128216000 	/Library/Java/JavaVirtualMachines/jdk1.8.0_25.jdk/Contents/Home/jre/lib/libnet.dylib
0x000000012828e000 	/Library/Java/JavaVirtualMachines/jdk1.8.0_25.jdk/Contents/Home/jre/lib/libnio.dylib
0x0000000120e04000 	/private/var/folders/_n/w8nrnr3x2k1_d4m0368qqqcm0000gn/T/BridJExtractedLibraries1771581705495236493/libbridj.dylib
0x0000000120e1f000 	/var/folders/_n/w8nrnr3x2k1_d4m0368qqqcm0000gn/T/BridJExtractedLibraries1771581705495236493/libOpenIMAJGrabber.dylib
0x0000000004777000 	/System/Library/Frameworks/QTKit.framework/Versions/A/QTKit
0x0000000004777000 	/System/Library/Frameworks/AVFoundation.framework/Versions/A/AVFoundation
0x0000000004777000 	/System/Library/Frameworks/CoreMedia.framework/Versions/A/CoreMedia
0x0000000004777000 	/System/Library/Frameworks/MediaToolbox.framework/Versions/A/MediaToolbox
0x0000000004777000 	/System/Library/Frameworks/VideoToolbox.framework/Versions/A/VideoToolbox
0x0000000004777000 	/System/Library/PrivateFrameworks/CoreMediaAuthoring.framework/Versions/A/CoreMediaAuthoring
0x0000000004777000 	/System/Library/Frameworks/CoreMediaIO.framework/Versions/A/CoreMediaIO
0x0000000004777000 	/System/Library/Frameworks/AVFoundation.framework/Versions/A/Resources/libAVFAudio.dylib
0x0000000004777000 	/System/Library/PrivateFrameworks/MediaControlSender.framework/Versions/A/MediaControlSender
0x0000000004777000 	/System/Library/PrivateFrameworks/CoreAVCHD.framework/Versions/A/CoreAVCHD
0x0000000004777000 	/System/Library/Frameworks/MediaAccessibility.framework/Versions/A/MediaAccessibility
0x0000000004777000 	/System/Library/PrivateFrameworks/Mangrove.framework/Versions/A/Mangrove
0x0000000004777000 	/System/Library/PrivateFrameworks/CoreAUC.framework/Versions/A/CoreAUC
0x0000000004777000 	/System/Library/PrivateFrameworks/NetworkStatistics.framework/Versions/A/NetworkStatistics
0x0000000004777000 	/System/Library/PrivateFrameworks/AirPlaySupport.framework/Versions/A/AirPlaySupport
0x0000000004777000 	/System/Library/PrivateFrameworks/CoreUtils.framework/Versions/A/CoreUtils
0x0000000004777000 	/System/Library/PrivateFrameworks/AppleVA.framework/Versions/A/AppleVA
0x0000000004777000 	/System/Library/PrivateFrameworks/XPCService.framework/Versions/A/XPCService
0x0000000004777000 	/System/Library/PrivateFrameworks/AppSandbox.framework/Versions/A/AppSandbox
0x0000000004777000 	/usr/lib/libsandbox.1.dylib
0x0000000004777000 	/usr/lib/libMatch.1.dylib
0x0000000120eaf000 	/System/Library/Extensions/AppleHDA.kext/Contents/PlugIns/AppleHDAHALPlugIn.bundle/Contents/MacOS/AppleHDAHALPlugIn
0x000000012355d000 	/Library/CoreMediaIO/Plug-Ins/DAL/AppleCamera.plugin/Contents/MacOS/AppleCamera
0x00000001288f6000 	/System/Library/Frameworks/CoreMediaIO.framework/Resources/CMIOUnits.bundle/Contents/MacOS/CMIOUnits
0x0000000126ebc000 	/System/Library/PrivateFrameworks/FWAVC.framework/Versions/A/FWAVC
0x0000000128a81000 	/System/Library/PrivateFrameworks/AppleGVA.framework/AppleGVA

VM Arguments:
jvm_args: -Dfile.encoding=UTF-8 
java_command: application.Main
java_class_path (initial): /Users/Thomas/Dropbox/Projetos/workspace/SyncTV/bin:/Applications/eclipse/plugins/org.eclipse.fx.ide.css.jfx8_1.0.0.201408150702.jar:/Users/Thomas/Dropbox/Projetos/workspace/SyncTV/src/Jars/bridj-0.6.3-20130316.190111-13.jar:/Users/Thomas/Dropbox/Projetos/workspace/SyncTV/src/Jars/dx-1.7.jar:/Users/Thomas/Dropbox/Projetos/workspace/SyncTV/src/Jars/slf4j-api-1.7.2.jar:/Users/Thomas/Dropbox/Projetos/workspace/SyncTV/src/Jars/slf4j-nop-1.7.7.jar:/Users/Thomas/Dropbox/Projetos/workspace/SyncTV/src/Jars/webcam-capture-0.3.10-RC3.jar:/Users/Thomas/Dropbox/Projetos/workspace/SyncTV/src/Jars/mysql-connector-java-5.1.33-bin.jar
Launcher Type: SUN_STANDARD

Environment Variables:
PATH=/usr/bin:/bin:/usr/sbin:/sbin
SHELL=/bin/bash

Signal Handlers:
SIGSEGV: [libjvm.dylib+0x579dc7], sa_mask[0]=11111111011111110111111111111111, sa_flags=SA_ONSTACK|SA_RESTART|SA_SIGINFO
SIGBUS: [libjvm.dylib+0x579dc7], sa_mask[0]=11111111011111110111111111111111, sa_flags=SA_RESTART|SA_SIGINFO
SIGFPE: [libjvm.dylib+0x45b030], sa_mask[0]=11111111011111110111111111111111, sa_flags=SA_RESTART|SA_SIGINFO
SIGPIPE: [libjvm.dylib+0x45b030], sa_mask[0]=11111111011111110111111111111111, sa_flags=SA_RESTART|SA_SIGINFO
SIGXFSZ: [libjvm.dylib+0x45b030], sa_mask[0]=11111111011111110111111111111111, sa_flags=SA_RESTART|SA_SIGINFO
SIGILL: [libjvm.dylib+0x45b030], sa_mask[0]=11111111011111110111111111111111, sa_flags=SA_RESTART|SA_SIGINFO
SIGUSR1: SIG_DFL, sa_mask[0]=00000000000000000000000000000000, sa_flags=none
SIGUSR2: [libjvm.dylib+0x45ab4e], sa_mask[0]=00100000000000000000000000000000, sa_flags=SA_RESTART|SA_SIGINFO
SIGHUP: [libjvm.dylib+0x459121], sa_mask[0]=11111111011111110111111111111111, sa_flags=SA_RESTART|SA_SIGINFO
SIGINT: [libjvm.dylib+0x459121], sa_mask[0]=11111111011111110111111111111111, sa_flags=SA_RESTART|SA_SIGINFO
SIGTERM: [libjvm.dylib+0x459121], sa_mask[0]=11111111011111110111111111111111, sa_flags=SA_RESTART|SA_SIGINFO
SIGQUIT: [libjvm.dylib+0x459121], sa_mask[0]=11111111011111110111111111111111, sa_flags=SA_RESTART|SA_SIGINFO


---------------  S Y S T E M  ---------------

OS:Bsduname:Darwin 14.0.0 Darwin Kernel Version 14.0.0: Fri Sep 19 00:26:44 PDT 2014; root:xnu-2782.1.97~2/RELEASE_X86_64 x86_64
rlimit: STACK 8192k, CORE 0k, NPROC 709, NOFILE 10240, AS infinity
load average:1.63 1.68 1.70

CPU:total 4 (2 cores per cpu, 2 threads per core) family 6 model 69 stepping 1, cmov, cx8, fxsr, mmx, sse, sse2, sse3, ssse3, sse4.1, sse4.2, popcnt, avx, avx2, aes, clmul, erms, lzcnt, ht, tsc, tscinvbit, bmi1, bmi2

Memory: 4k page, physical 4194304k(341420k free)

/proc/meminfo:


vm_info: Java HotSpot(TM) 64-Bit Server VM (25.25-b02) for bsd-amd64 JRE (1.8.0_25-b17), built on Sep 17 2014 16:56:50 by "java_re" with gcc 4.2.1 (Based on Apple Inc. build 5658) (LLVM build 2336.11.00)

time: Mon Nov 10 03:15:19 2014
elapsed time: 7 seconds (0d 0h 0m 7s)

